<?xml version="1.0" encoding="UTF-8"?>
<testng-results skipped="0" failed="0" ignored="0" total="1" passed="1">
  <reporter-output>
  </reporter-output>
  <suite name="Default suite" duration-ms="40754" started-at="2020-02-27T14:01:42Z" finished-at="2020-02-27T14:02:23Z">
    <groups>
    </groups>
    <test name="Default test" duration-ms="40754" started-at="2020-02-27T14:01:42Z" finished-at="2020-02-27T14:02:23Z">
      <class name="com.assignmentone.testcase.TestMian">
        <test-method status="PASS" signature="setUp()[pri:0, instance:com.assignmentone.testcase.TestMian@66a3ffec]" name="setUp" is-config="true" duration-ms="17841" started-at="2020-02-27T14:01:42Z" finished-at="2020-02-27T14:02:00Z">
          <reporter-output>
          </reporter-output>
        </test-method> <!-- setUp -->
        <test-method status="PASS" signature="addItemToCart()[pri:0, instance:com.assignmentone.testcase.TestMian@66a3ffec]" name="addItemToCart" duration-ms="20908" started-at="2020-02-27T14:02:00Z" finished-at="2020-02-27T14:02:21Z">
          <reporter-output>
          </reporter-output>
        </test-method> <!-- addItemToCart -->
        <test-method status="PASS" signature="close()[pri:0, instance:com.assignmentone.testcase.TestMian@66a3ffec]" name="close" is-config="true" duration-ms="1951" started-at="2020-02-27T14:02:21Z" finished-at="2020-02-27T14:02:23Z">
          <reporter-output>
          </reporter-output>
        </test-method> <!-- close -->
      </class> <!-- com.assignmentone.testcase.TestMian -->
    </test> <!-- Default test -->
  </suite> <!-- Default suite -->
</testng-results>
